{"numTotalTestSuites":11,"numPassedTestSuites":8,"numFailedTestSuites":3,"numPendingTestSuites":0,"numTotalTests":19,"numPassedTests":17,"numFailedTests":2,"numPendingTests":0,"numTodoTests":0,"snapshot":{"added":0,"failure":false,"filesAdded":0,"filesRemoved":0,"filesRemovedList":[],"filesUnmatched":0,"filesUpdated":0,"matched":0,"total":0,"unchecked":0,"uncheckedKeysByFile":[],"unmatched":0,"updated":0,"didUpdate":false},"startTime":1763367835862,"success":false,"testResults":[{"assertionResults":[{"ancestorTitles":["ConfigManager","构造函数"],"fullName":"ConfigManager 构造函数 应该正确初始化 ConfigManager 实例","status":"passed","title":"应该正确初始化 ConfigManager 实例","duration":1.2567999999999984,"failureMessages":[],"location":{"line":50,"column":5},"meta":{}},{"ancestorTitles":["ConfigManager","构造函数"],"fullName":"ConfigManager 构造函数 应该接受配置选项","status":"passed","title":"应该接受配置选项","duration":0.47469999999998436,"failureMessages":[],"location":{"line":54,"column":5},"meta":{}},{"ancestorTitles":["ConfigManager","配置加载"],"fullName":"ConfigManager 配置加载 应该正确加载配置文件","status":"failed","title":"应该正确加载配置文件","duration":1.8716999999999189,"failureMessages":["TypeError: __vite_ssr_import_3__.PathUtils.isAbsolute is not a function\n    at ConfigManager.load (D:/WorkBench/ldesign/tools/launcher/src/core/ConfigManager.ts:315:34)\n    at D:/WorkBench/ldesign/tools/launcher/tests/core/ConfigManager.test.ts:80:42\n    at file:///D:/WorkBench/ldesign/node_modules/.pnpm/@vitest+runner@4.0.5/node_modules/@vitest/runner/dist/index.js:157:11\n    at file:///D:/WorkBench/ldesign/node_modules/.pnpm/@vitest+runner@4.0.5/node_modules/@vitest/runner/dist/index.js:753:26\n    at file:///D:/WorkBench/ldesign/node_modules/.pnpm/@vitest+runner@4.0.5/node_modules/@vitest/runner/dist/index.js:1636:20\n    at new Promise (<anonymous>)\n    at runWithTimeout (file:///D:/WorkBench/ldesign/node_modules/.pnpm/@vitest+runner@4.0.5/node_modules/@vitest/runner/dist/index.js:1602:10)\n    at runTest (file:///D:/WorkBench/ldesign/node_modules/.pnpm/@vitest+runner@4.0.5/node_modules/@vitest/runner/dist/index.js:1309:12)\n    at runSuite (file:///D:/WorkBench/ldesign/node_modules/.pnpm/@vitest+runner@4.0.5/node_modules/@vitest/runner/dist/index.js:1468:8)\n    at runSuite (file:///D:/WorkBench/ldesign/node_modules/.pnpm/@vitest+runner@4.0.5/node_modules/@vitest/runner/dist/index.js:1468:8)"],"location":{"line":65,"column":5},"meta":{}},{"ancestorTitles":["ConfigManager","配置加载"],"fullName":"ConfigManager 配置加载 应该处理配置文件不存在的情况","status":"failed","title":"应该处理配置文件不存在的情况","duration":2.815400000000068,"failureMessages":["AssertionError: expected [Function] to throw error including '配置文件不存在' but got '__vite_ssr_import_3__.PathUtils.isAbs…'\n    at _Assertion.<anonymous> (file:///D:/WorkBench/ldesign/node_modules/.pnpm/@vitest+expect@4.0.5/node_modules/@vitest/expect/dist/index.js:1481:16)\n    at _Assertion.<anonymous> (file:///D:/WorkBench/ldesign/node_modules/.pnpm/@vitest+expect@4.0.5/node_modules/@vitest/expect/dist/index.js:1086:14)\n    at _Assertion.methodWrapper (file:///D:/WorkBench/ldesign/node_modules/.pnpm/chai@6.2.0/node_modules/chai/index.js:1701:25)\n    at file:///D:/WorkBench/ldesign/node_modules/.pnpm/@vitest+expect@4.0.5/node_modules/@vitest/expect/dist/index.js:1700:20"],"location":{"line":87,"column":5},"meta":{}},{"ancestorTitles":["ConfigManager","配置加载"],"fullName":"ConfigManager 配置加载 应该在没有配置文件时使用默认配置","status":"passed","title":"应该在没有配置文件时使用默认配置","duration":0.8469000000000051,"failureMessages":[],"location":{"line":95,"column":5},"meta":{}},{"ancestorTitles":["ConfigManager","配置保存"],"fullName":"ConfigManager 配置保存 应该正确保存配置文件","status":"passed","title":"应该正确保存配置文件","duration":1.015800000000013,"failureMessages":[],"location":{"line":107,"column":5},"meta":{}},{"ancestorTitles":["ConfigManager","配置保存"],"fullName":"ConfigManager 配置保存 应该在没有指定文件路径时抛出错误","status":"passed","title":"应该在没有指定文件路径时抛出错误","duration":0.290300000000002,"failureMessages":[],"location":{"line":123,"column":5},"meta":{}},{"ancestorTitles":["ConfigManager","配置验证"],"fullName":"ConfigManager 配置验证 应该验证有效配置","status":"passed","title":"应该验证有效配置","duration":0.55499999999995,"failureMessages":[],"location":{"line":131,"column":5},"meta":{}},{"ancestorTitles":["ConfigManager","配置验证"],"fullName":"ConfigManager 配置验证 应该检测无效配置","status":"passed","title":"应该检测无效配置","duration":0.28960000000006403,"failureMessages":[],"location":{"line":149,"column":5},"meta":{}},{"ancestorTitles":["ConfigManager","配置验证"],"fullName":"ConfigManager 配置验证 应该生成警告信息","status":"passed","title":"应该生成警告信息","duration":0.27509999999995216,"failureMessages":[],"location":{"line":163,"column":5},"meta":{}},{"ancestorTitles":["ConfigManager","配置合并"],"fullName":"ConfigManager 配置合并 应该正确合并配置对象","status":"passed","title":"应该正确合并配置对象","duration":0.223700000000008,"failureMessages":[],"location":{"line":177,"column":5},"meta":{}},{"ancestorTitles":["ConfigManager","配置合并"],"fullName":"ConfigManager 配置合并 应该支持自定义合并策略","status":"passed","title":"应该支持自定义合并策略","duration":0.34130000000004657,"failureMessages":[],"location":{"line":201,"column":5},"meta":{}},{"ancestorTitles":["ConfigManager","配置更新"],"fullName":"ConfigManager 配置更新 应该正确更新配置","status":"passed","title":"应该正确更新配置","duration":0.28089999999997417,"failureMessages":[],"location":{"line":214,"column":5},"meta":{}},{"ancestorTitles":["ConfigManager","配置更新"],"fullName":"ConfigManager 配置更新 应该触发配置变更事件","status":"passed","title":"应该触发配置变更事件","duration":0.5400999999999385,"failureMessages":[],"location":{"line":229,"column":5},"meta":{}},{"ancestorTitles":["ConfigManager","配置重置"],"fullName":"ConfigManager 配置重置 应该正确重置配置为默认值","status":"passed","title":"应该正确重置配置为默认值","duration":0.3106999999999971,"failureMessages":[],"location":{"line":245,"column":5},"meta":{}},{"ancestorTitles":["ConfigManager","配置重置"],"fullName":"ConfigManager 配置重置 应该触发重置事件","status":"passed","title":"应该触发重置事件","duration":0.20400000000006457,"failureMessages":[],"location":{"line":256,"column":5},"meta":{}},{"ancestorTitles":["ConfigManager","验证规则"],"fullName":"ConfigManager 验证规则 应该正确添加验证规则","status":"passed","title":"应该正确添加验证规则","duration":0.19920000000001892,"failureMessages":[],"location":{"line":267,"column":5},"meta":{}},{"ancestorTitles":["ConfigManager","验证规则"],"fullName":"ConfigManager 验证规则 应该正确移除验证规则","status":"passed","title":"应该正确移除验证规则","duration":1.161799999999971,"failureMessages":[],"location":{"line":281,"column":5},"meta":{}},{"ancestorTitles":["ConfigManager","销毁"],"fullName":"ConfigManager 销毁 应该正确清理资源","status":"passed","title":"应该正确清理资源","duration":0.32140000000003965,"failureMessages":[],"location":{"line":298,"column":5},"meta":{}}],"startTime":1763367836350,"endTime":1763367836364.3213,"status":"failed","message":"","name":"D:/WorkBench/ldesign/tools/launcher/tests/core/ConfigManager.test.ts"}]}