{"numTotalTestSuites":10,"numPassedTestSuites":0,"numFailedTestSuites":10,"numPendingTestSuites":0,"numTotalTests":0,"numPassedTests":0,"numFailedTests":0,"numPendingTests":0,"numTodoTests":0,"startTime":1762155059807,"success":false,"testResults":[{"assertionResults":[],"startTime":1762155059807,"endTime":1762155059807,"status":"failed","message":"Failed to resolve entry for package \"@ldesign/kit\". The package may have incorrect main/module/exports specified in its package.json.","name":"D:/WorkBench/ldesign/tools/launcher/tests/cli/dev.test.ts"},{"assertionResults":[],"startTime":1762155059807,"endTime":1762155059807,"status":"failed","message":"Failed to resolve entry for package \"@ldesign/kit\". The package may have incorrect main/module/exports specified in its package.json.","name":"D:/WorkBench/ldesign/tools/launcher/tests/core/ConfigManager.test.ts"},{"assertionResults":[],"startTime":1762155059807,"endTime":1762155059807,"status":"failed","message":"Failed to resolve entry for package \"@ldesign/kit\". The package may have incorrect main/module/exports specified in its package.json.","name":"D:/WorkBench/ldesign/tools/launcher/tests/core/ConfigPresets.test.ts"},{"assertionResults":[],"startTime":1762155059807,"endTime":1762155059807,"status":"failed","message":"Failed to resolve entry for package \"@ldesign/kit\". The package may have incorrect main/module/exports specified in its package.json.","name":"D:/WorkBench/ldesign/tools/launcher/tests/core/environment-config.test.ts"},{"assertionResults":[],"startTime":1762155059807,"endTime":1762155059807,"status":"failed","message":"Failed to resolve entry for package \"@ldesign/kit\". The package may have incorrect main/module/exports specified in its package.json.","name":"D:/WorkBench/ldesign/tools/launcher/tests/core/proxy-config.test.ts"},{"assertionResults":[],"startTime":1762155059807,"endTime":1762155059807,"status":"failed","message":"Failed to resolve entry for package \"@ldesign/kit\". The package may have incorrect main/module/exports specified in its package.json.","name":"D:/WorkBench/ldesign/tools/launcher/tests/core/ViteLauncher.test.ts"},{"assertionResults":[],"startTime":1762155059807,"endTime":1762155059807,"status":"failed","message":"Failed to resolve entry for package \"@ldesign/kit\". The package may have incorrect main/module/exports specified in its package.json.","name":"D:/WorkBench/ldesign/tools/launcher/tests/performance/launcher.perf.test.ts"},{"assertionResults":[],"startTime":1762155059807,"endTime":1762155059807,"status":"failed","message":"Failed to resolve entry for package \"@ldesign/kit\". The package may have incorrect main/module/exports specified in its package.json.","name":"D:/WorkBench/ldesign/tools/launcher/tests/integration/launcher.test.ts"},{"assertionResults":[],"startTime":1762155059807,"endTime":1762155059807,"status":"failed","message":"Failed to resolve entry for package \"@ldesign/kit\". The package may have incorrect main/module/exports specified in its package.json.","name":"D:/WorkBench/ldesign/tools/launcher/tests/utils/config.test.ts"},{"assertionResults":[],"startTime":1762155059807,"endTime":1762155059807,"status":"failed","message":"Failed to resolve entry for package \"@ldesign/kit\". The package may have incorrect main/module/exports specified in its package.json.","name":"D:/WorkBench/ldesign/tools/launcher/tests/utils/env.test.ts"}]}